<?xml version="1.0" encoding="UTF-8"?>
<!-- Generated by org.testng.reporters.JUnitReportReporter -->
<testsuite hostname="sys-PC" failures="0" tests="1" name="com.outlook.qa.testcases.LoginPage.LoginTest01" time="16.380" errors="0" timestamp="20 Feb 2019 18:48:00 GMT">
  <testcase classname="com.outlook.qa.testcases.LoginPage.LoginTest01" name="LoginTest_InvalidPassword" time="16.380"/>
</testsuite>
